<?xml version="1.0" encoding="UTF-8"?>
<testng-results ignored="0" total="1" passed="1" failed="0" skipped="0">
  <reporter-output>
  </reporter-output>
  <suite started-at="2025-02-04T15:46:42 IST" name="Default suite" finished-at="2025-02-04T15:46:50 IST" duration-ms="8510">
    <groups>
    </groups>
    <test started-at="2025-02-04T15:46:42 IST" name="Default test" finished-at="2025-02-04T15:46:50 IST" duration-ms="8510">
      <class name="session_17.JacksonApiDemo">
        <test-method signature="createUser()[pri:0, instance:session_17.JacksonApiDemo@5afa3c9]" started-at="2025-02-04T15:46:42 IST" name="createUser" finished-at="2025-02-04T15:46:50 IST" duration-ms="8471" status="PASS">
          <reporter-output>
          </reporter-output>
        </test-method> <!-- createUser -->
      </class> <!-- session_17.JacksonApiDemo -->
    </test> <!-- Default test -->
  </suite> <!-- Default suite -->
</testng-results>
