<?xml version="1.0" encoding="UTF-8"?>
<testng-results ignored="0" total="2" passed="2" failed="0" skipped="0">
  <reporter-output>
  </reporter-output>
  <suite started-at="2025-01-27T09:57:06 IST" name="Default suite" finished-at="2025-01-27T09:57:09 IST" duration-ms="2805">
    <groups>
    </groups>
    <test started-at="2025-01-27T09:57:06 IST" name="Default test" finished-at="2025-01-27T09:57:09 IST" duration-ms="2805">
      <class name="session_11.Oauth2">
        <test-method signature="getAccessToken()[pri:0, instance:session_11.Oauth2@f09733f]" started-at="2025-01-27T09:57:06 IST" name="getAccessToken" finished-at="2025-01-27T09:57:09 IST" duration-ms="2290" status="PASS">
          <reporter-output>
          </reporter-output>
        </test-method> <!-- getAccessToken -->
        <test-method signature="listInvoice()[pri:0, instance:session_11.Oauth2@f09733f]" started-at="2025-01-27T09:57:09 IST" name="listInvoice" finished-at="2025-01-27T09:57:09 IST" depends-on-methods="session_11.Oauth2.getAccessToken" duration-ms="472" status="PASS">
          <reporter-output>
          </reporter-output>
        </test-method> <!-- listInvoice -->
      </class> <!-- session_11.Oauth2 -->
    </test> <!-- Default test -->
  </suite> <!-- Default suite -->
</testng-results>
