<?xml version="1.0" encoding="UTF-8"?>
<!-- Generated by org.testng.reporters.JUnitXMLReporter -->
<testsuite ignored="2" hostname="KAN-QALAP108" failures="0" tests="1" name="Default test" time="2.95" errors="0" timestamp="2025-01-21T16:48:58 IST">
  <testcase classname="Session_04.CheckForValidResponse" name="BDDGetsingleuser" time="2.898"/>
  <testcase classname="Session_04.CheckForValidResponse" name="GetSingleUser" time="0.0">
    <ignored/>
  </testcase> <!-- GetSingleUser -->
  <testcase classname="Session_04.CheckForValidResponse" name="GetSingleUserUSingValidateResponse" time="0.0">
    <ignored/>
  </testcase> <!-- GetSingleUserUSingValidateResponse -->
</testsuite> <!-- Default test -->
