<?xml version="1.0" encoding="UTF-8"?>
<!-- Generated by org.testng.reporters.JUnitXMLReporter -->
<testsuite ignored="2" hostname="KAN-QALAP108" failures="0" tests="2" name="Default test" time="1.685" errors="0" timestamp="2025-02-12T12:23:20 IST">
  <testcase classname="session_19.OwnApiTesting" name="deleteuserData" time="1.031"/>
  <testcase classname="session_19.OwnApiTesting" name="readUserData" time="0.026"/>
  <testcase classname="session_19.OwnApiTesting" name="CreateUserData" time="0.0">
    <ignored/>
  </testcase> <!-- CreateUserData -->
  <testcase classname="session_19.OwnApiTesting" name="putUserData" time="0.0">
    <ignored/>
  </testcase> <!-- putUserData -->
</testsuite> <!-- Default test -->
